1635451704270	geckodriver	INFO	Listening on 127.0.0.1:58661
1635451704788	mozrunner::runner	INFO	Running command: "/usr/bin/firefox" "--marionette" "-headless" "--remote-debugging-port" "53827" "-no-remote" "-profile" "/tmp/rust_mozprofilepSG70d"
*** You are running in headless mode.
1635451706981	Marionette	INFO	Marionette enabled
[GFX1-]: RenderCompositorSWGL failed mapping default framebuffer, no dt
console.warn: SearchSettings: "get: No settings file exists, new profile?" (new NotFoundError("Could not open the file at /tmp/rust_mozprofilepSG70d/search.json.mozlz4", (void 0)))
DevTools listening on ws://localhost:53827/devtools/browser/374f104b-6ae9-43c8-8306-ccb6f5d9338e
1635451716661	Marionette	INFO	Listening on port 46295
1635451716843	RemoteAgent	WARN	TLS certificate errors will be ignored for this session
1635451719324	Marionette	WARN	Ignoring event 'DOMContentLoaded' because document has an invalid readyState of 'complete'.
JavaScript error: https://maps.google.com/maps/api/js?v=quarterly&libraries=drawing,weather,geometry,visualization,places&language=en&key=AIzaSyBtBTpckzv65me9cxNt5riU_uzWpQG3bgs, line 119: Error: Could not load "util".
JavaScript error: https://maps.google.com/maps/api/js?v=quarterly&libraries=drawing,weather,geometry,visualization,places&language=en&key=AIzaSyBtBTpckzv65me9cxNt5riU_uzWpQG3bgs, line 119: Error: Could not load "util".
JavaScript error: https://maps.google.com/maps/api/js?v=quarterly&libraries=drawing,weather,geometry,visualization,places&language=en&key=AIzaSyBtBTpckzv65me9cxNt5riU_uzWpQG3bgs, line 119: Error: Could not load "map".
1635451831214	Marionette	WARN	Ignoring event 'DOMContentLoaded' because document has an invalid readyState of 'complete'.
JavaScript error: https://maps.google.com/maps/api/js?v=quarterly&libraries=drawing,weather,geometry,visualization,places&language=en&key=AIzaSyBtBTpckzv65me9cxNt5riU_uzWpQG3bgs, line 119: Error: Could not load "util".
1635451890554	Marionette	WARN	Ignoring event 'DOMContentLoaded' because document has an invalid readyState of 'complete'.
JavaScript error: https://maps.google.com/maps/api/js?v=quarterly&libraries=drawing,weather,geometry,visualization,places&language=en&key=AIzaSyBtBTpckzv65me9cxNt5riU_uzWpQG3bgs, line 119: Error: Could not load "util".
1635451939979	Marionette	WARN	Ignoring event 'pageshow' because document has an invalid readyState of 'uninitialized'.
1635451940084	Marionette	WARN	Ignoring event 'pageshow' because document has an invalid readyState of 'uninitialized'.
1635451941797	Marionette	WARN	Ignoring event 'DOMContentLoaded' because document has an invalid readyState of 'complete'.
1635452117018	addons.xpi	ERROR	System addon update list error Error: Failed downloading XML, status: 0, reason: timeout
Exiting due to channel error.
Exiting due to channel error.
Exiting due to channel error.
1635452176149	geckodriver	INFO	Listening on 127.0.0.1:51587
1635452176666	mozrunner::runner	INFO	Running command: "/usr/bin/firefox" "--marionette" "-headless" "--remote-debugging-port" "42253" "-no-remote" "-profile" "/tmp/rust_mozprofileCKIiu1"
*** You are running in headless mode.
1635452178904	Marionette	INFO	Marionette enabled
[GFX1-]: RenderCompositorSWGL failed mapping default framebuffer, no dt
console.warn: SearchSettings: "get: No settings file exists, new profile?" (new NotFoundError("Could not open the file at /tmp/rust_mozprofileCKIiu1/search.json.mozlz4", (void 0)))
DevTools listening on ws://localhost:42253/devtools/browser/09d36bf8-614a-4b71-9c0c-48975a130fc1
1635452185233	Marionette	INFO	Listening on port 33861
1635452185408	RemoteAgent	WARN	TLS certificate errors will be ignored for this session
1635452187965	Marionette	WARN	Ignoring event 'DOMContentLoaded' because document has an invalid readyState of 'complete'.
1635452366186	Marionette	WARN	Ignoring event 'DOMContentLoaded' because document has an invalid readyState of 'complete'.
1635452567531	Marionette	WARN	Ignoring event 'DOMContentLoaded' because document has an invalid readyState of 'complete'.
console.log: WebExtensions: reset-default-search: starting.
console.log: WebExtensions: reset-default-search: No addons in our list are installed.
1635452587038	Marionette	WARN	Ignoring event 'DOMContentLoaded' because document has an invalid readyState of 'complete'.
JavaScript error: resource://devtools/client/jsonview/Sniffer.jsm, line 56: NS_ERROR_NOT_AVAILABLE: Component returned failure code: 0x80040111 (NS_ERROR_NOT_AVAILABLE) [nsIChannel.contentType]
JavaScript error: resource://devtools/client/jsonview/Sniffer.jsm, line 56: NS_ERROR_NOT_AVAILABLE: Component returned failure code: 0x80040111 (NS_ERROR_NOT_AVAILABLE) [nsIChannel.contentType]
JavaScript error: , line 0: TypeError: NetworkError when attempting to fetch resource.
1635452611175	Marionette	WARN	Ignoring event 'DOMContentLoaded' because document has an invalid readyState of 'complete'.
1635452633852	Marionette	WARN	Ignoring event 'DOMContentLoaded' because document has an invalid readyState of 'complete'.
1635452668545	Marionette	WARN	Ignoring event 'DOMContentLoaded' because document has an invalid readyState of 'complete'.
1635452683620	Marionette	WARN	Ignoring event 'DOMContentLoaded' because document has an invalid readyState of 'complete'.
1635452710476	Marionette	WARN	Ignoring event 'DOMContentLoaded' because document has an invalid readyState of 'complete'.
JavaScript error: resource:///actors/ContentMetaChild.jsm, line 179: InvalidStateError: JSWindowActorChild.sendAsyncMessage: JSWindowActorChild cannot send at the moment
1635452726938	Marionette	WARN	Ignoring event 'DOMContentLoaded' because document has an invalid readyState of 'complete'.
1635452770499	Marionette	WARN	Ignoring event 'pageshow' because document has an invalid readyState of 'uninitialized'.
1635452783913	Marionette	WARN	Ignoring event 'DOMContentLoaded' because document has an invalid readyState of 'complete'.
1635452799759	Marionette	WARN	Ignoring event 'DOMContentLoaded' because document has an invalid readyState of 'complete'.
1635452825349	Marionette	WARN	Ignoring event 'DOMContentLoaded' because document has an invalid readyState of 'complete'.
1635452844242	Marionette	WARN	Ignoring event 'DOMContentLoaded' because document has an invalid readyState of 'complete'.
1635452900439	Marionette	WARN	Ignoring event 'DOMContentLoaded' because document has an invalid readyState of 'complete'.
1635452915750	Marionette	WARN	Ignoring event 'DOMContentLoaded' because document has an invalid readyState of 'complete'.
1635452972648	Marionette	WARN	Ignoring event 'DOMContentLoaded' because document has an invalid readyState of 'complete'.
1635452984738	Marionette	WARN	Ignoring event 'DOMContentLoaded' because document has an invalid readyState of 'complete'.
1635453009469	Marionette	WARN	Ignoring event 'DOMContentLoaded' because document has an invalid readyState of 'complete'.
1635453068883	Marionette	WARN	Ignoring event 'DOMContentLoaded' because document has an invalid readyState of 'complete'.
1635453084287	Marionette	WARN	Ignoring event 'DOMContentLoaded' because document has an invalid readyState of 'complete'.
JavaScript error: resource:///actors/ContentMetaChild.jsm, line 179: InvalidStateError: JSWindowActorChild.sendAsyncMessage: JSWindowActorChild cannot send at the moment
1635453085356	Marionette	WARN	Ignoring event 'DOMContentLoaded' because document has an invalid readyState of 'complete'.
1635453126834	Marionette	WARN	Ignoring event 'DOMContentLoaded' because document has an invalid readyState of 'complete'.
JavaScript error: resource:///actors/ContentMetaChild.jsm, line 179: InvalidStateError: JSWindowActorChild.sendAsyncMessage: JSWindowActorChild cannot send at the moment
1635453144482	Marionette	WARN	Ignoring event 'DOMContentLoaded' because document has an invalid readyState of 'complete'.
Exiting due to channel error.
Exiting due to channel error.
Exiting due to channel error.
1635456967038	geckodriver	INFO	Listening on 127.0.0.1:52571
1635456967054	mozrunner::runner	INFO	Running command: "/usr/bin/firefox" "--marionette" "-headless" "--remote-debugging-port" "49675" "-no-remote" "-profile" "/tmp/rust_mozprofile5c2hHZ"
*** You are running in headless mode.
1635456968854	Marionette	INFO	Marionette enabled
[GFX1-]: RenderCompositorSWGL failed mapping default framebuffer, no dt
console.warn: SearchSettings: "get: No settings file exists, new profile?" (new NotFoundError("Could not open the file at /tmp/rust_mozprofile5c2hHZ/search.json.mozlz4", (void 0)))
DevTools listening on ws://localhost:49675/devtools/browser/06f0f165-eddc-4f0d-87cc-39330b4db2e5
1635456974458	Marionette	INFO	Listening on port 39967
1635456974593	RemoteAgent	WARN	TLS certificate errors will be ignored for this session
1635456977084	Marionette	WARN	Ignoring event 'DOMContentLoaded' because document has an invalid readyState of 'complete'.
Exiting due to channel error.
Exiting due to channel error.
Exiting due to channel error.
1635457012217	geckodriver	INFO	Listening on 127.0.0.1:52911
1635457012233	mozrunner::runner	INFO	Running command: "/usr/bin/firefox" "--marionette" "-headless" "--remote-debugging-port" "55287" "-no-remote" "-profile" "/tmp/rust_mozprofilehJnv30"
*** You are running in headless mode.
1635457013973	Marionette	INFO	Marionette enabled
[GFX1-]: RenderCompositorSWGL failed mapping default framebuffer, no dt
console.warn: SearchSettings: "get: No settings file exists, new profile?" (new NotFoundError("Could not open the file at /tmp/rust_mozprofilehJnv30/search.json.mozlz4", (void 0)))
DevTools listening on ws://localhost:55287/devtools/browser/5eba2f3a-3fe2-4f22-94ec-69fb4999f2bc
1635457021401	Marionette	INFO	Listening on port 33779
1635457021618	RemoteAgent	WARN	TLS certificate errors will be ignored for this session
1635457024609	Marionette	WARN	Ignoring event 'DOMContentLoaded' because document has an invalid readyState of 'complete'.
1635457283546	Marionette	WARN	Ignoring event 'DOMContentLoaded' because document has an invalid readyState of 'complete'.
1635457403430	Marionette	WARN	Ignoring event 'DOMContentLoaded' because document has an invalid readyState of 'complete'.
console.log: WebExtensions: reset-default-search: starting.
console.log: WebExtensions: reset-default-search: No addons in our list are installed.
1635457926202	geckodriver	INFO	Listening on 127.0.0.1:49459
1635457926215	mozrunner::runner	INFO	Running command: "/usr/bin/firefox" "--marionette" "-headless" "--remote-debugging-port" "37009" "-no-remote" "-profile" "/tmp/rust_mozprofilePRbKFi"
*** You are running in headless mode.
1635457928016	Marionette	INFO	Marionette enabled
[GFX1-]: RenderCompositorSWGL failed mapping default framebuffer, no dt
console.warn: SearchSettings: "get: No settings file exists, new profile?" (new NotFoundError("Could not open the file at /tmp/rust_mozprofilePRbKFi/search.json.mozlz4", (void 0)))
DevTools listening on ws://localhost:37009/devtools/browser/8af30d1d-2ae8-454f-a33a-e382f3823f3b
1635457935490	Marionette	INFO	Listening on port 45635
1635457935652	RemoteAgent	WARN	TLS certificate errors will be ignored for this session
1635457939818	Marionette	WARN	Ignoring event 'DOMContentLoaded' because document has an invalid readyState of 'complete'.
JavaScript error: https://www.crexi.com/main-es2015.5e5bdad8eb2ec7dfea24.js, line 1: TypeError: this.map is undefined
1635458183306	Marionette	WARN	Ignoring event 'DOMContentLoaded' because document has an invalid readyState of 'complete'.
console.log: WebExtensions: reset-default-search: starting.
console.log: WebExtensions: reset-default-search: No addons in our list are installed.
1635458381141	Marionette	WARN	Ignoring event 'DOMContentLoaded' because document has an invalid readyState of 'complete'.
JavaScript error: https://maps.google.com/maps/api/js?v=quarterly&libraries=drawing,weather,geometry,visualization,places&language=en&key=AIzaSyBtBTpckzv65me9cxNt5riU_uzWpQG3bgs, line 119: Error: Could not load "util".
1635458400596	Marionette	WARN	Ignoring event 'DOMContentLoaded' because document has an invalid readyState of 'complete'.
1635458419074	Marionette	WARN	Ignoring event 'DOMContentLoaded' because document has an invalid readyState of 'complete'.
1635458436487	Marionette	WARN	Ignoring event 'DOMContentLoaded' because document has an invalid readyState of 'complete'.
1635458463189	Marionette	WARN	Ignoring event 'DOMContentLoaded' because document has an invalid readyState of 'complete'.
1635458480291	Marionette	WARN	Ignoring event 'DOMContentLoaded' because document has an invalid readyState of 'complete'.
JavaScript error: resource:///actors/ContentMetaChild.jsm, line 179: InvalidStateError: JSWindowActorChild.sendAsyncMessage: JSWindowActorChild cannot send at the moment
1635458497157	Marionette	WARN	Ignoring event 'DOMContentLoaded' because document has an invalid readyState of 'complete'.
JavaScript error: resource:///actors/ContentMetaChild.jsm, line 179: InvalidStateError: JSWindowActorChild.sendAsyncMessage: JSWindowActorChild cannot send at the moment
1635458516559	Marionette	WARN	Ignoring event 'DOMContentLoaded' because document has an invalid readyState of 'complete'.
1635458554559	Marionette	WARN	Ignoring event 'DOMContentLoaded' because document has an invalid readyState of 'complete'.
Exiting due to channel error.
Exiting due to channel error.
Exiting due to channel error.
Exiting due to channel error.
Exiting due to channel error.
Exiting due to channel error.
1635458926329	geckodriver	INFO	Listening on 127.0.0.1:53117
1635458926346	mozrunner::runner	INFO	Running command: "/usr/bin/firefox" "--marionette" "-headless" "--remote-debugging-port" "45545" "-no-remote" "-profile" "/tmp/rust_mozprofileygOYfP"
*** You are running in headless mode.
1635458928177	Marionette	INFO	Marionette enabled
[GFX1-]: RenderCompositorSWGL failed mapping default framebuffer, no dt
console.warn: SearchSettings: "get: No settings file exists, new profile?" (new NotFoundError("Could not open the file at /tmp/rust_mozprofileygOYfP/search.json.mozlz4", (void 0)))
DevTools listening on ws://localhost:45545/devtools/browser/936f9afc-5864-433a-bc36-bec496c9a0aa
1635458934035	Marionette	INFO	Listening on port 35797
1635458934224	RemoteAgent	WARN	TLS certificate errors will be ignored for this session
1635458937279	Marionette	WARN	Ignoring event 'DOMContentLoaded' because document has an invalid readyState of 'complete'.
1635459160126	Marionette	WARN	Ignoring event 'DOMContentLoaded' because document has an invalid readyState of 'complete'.
1635459201179	Marionette	WARN	Ignoring event 'DOMContentLoaded' because document has an invalid readyState of 'complete'.
1635459224677	Marionette	WARN	Ignoring event 'DOMContentLoaded' because document has an invalid readyState of 'complete'.
1635459249615	Marionette	WARN	Ignoring event 'DOMContentLoaded' because document has an invalid readyState of 'complete'.
1635459270445	Marionette	WARN	Ignoring event 'DOMContentLoaded' because document has an invalid readyState of 'complete'.
1635459285048	Marionette	WARN	Ignoring event 'DOMContentLoaded' because document has an invalid readyState of 'complete'.
1635459301771	Marionette	WARN	Ignoring event 'DOMContentLoaded' because document has an invalid readyState of 'complete'.
1635459321495	Marionette	WARN	Ignoring event 'DOMContentLoaded' because document has an invalid readyState of 'complete'.
console.log: WebExtensions: reset-default-search: starting.
console.log: WebExtensions: reset-default-search: No addons in our list are installed.
1635459376506	Marionette	WARN	Ignoring event 'DOMContentLoaded' because document has an invalid readyState of 'complete'.
1635459578879	Marionette	WARN	Ignoring event 'DOMContentLoaded' because document has an invalid readyState of 'complete'.
1635459594316	Marionette	WARN	Ignoring event 'DOMContentLoaded' because document has an invalid readyState of 'complete'.
Exiting due to channel error.
Exiting due to channel error.
Exiting due to channel error.
